
=====================================
実行日時: 2025-02-21 11:00:01
=====================================
現在時刻: 2025-02-21 11:00:01
公開予定の記事はありません 


=====================================
実行日時: 2025-02-22 11:00:01
=====================================
現在時刻: 2025-02-22 11:00:01
公開予定の記事はありません 


=====================================
実行日時: 2025-02-23 11:00:02
=====================================
現在時刻: 2025-02-23 11:00:02
公開予定の記事はありません 


=====================================
実行日時: 2025-02-24 11:00:01
=====================================
現在時刻: 2025-02-24 11:00:01
記事ID 2 を公開しました


=====================================
実行日時: 2025-02-25 11:00:01
=====================================
現在時刻: 2025-02-25 11:00:01
公開予定の記事はありません 


=====================================
実行日時: 2025-02-26 11:00:01
=====================================
現在時刻: 2025-02-26 11:00:01
公開予定の記事はありません 


=====================================
実行日時: 2025-02-27 11:00:02
=====================================
現在時刻: 2025-02-27 11:00:02
記事ID 3 を公開しました


=====================================
実行日時: 2025-02-28 11:00:01
=====================================
現在時刻: 2025-02-28 11:00:01
公開予定の記事はありません 


=====================================
実行日時: 2025-03-01 11:00:01
=====================================
現在時刻: 2025-03-01 11:00:01
公開予定の記事はありません 


=====================================
実行日時: 2025-03-02 11:00:02
=====================================
現在時刻: 2025-03-02 11:00:02
公開予定の記事はありません 


=====================================
実行日時: 2025-03-03 11:00:03
=====================================
現在時刻: 2025-03-03 11:00:03
記事ID 4 を公開しました


=====================================
実行日時: 2025-03-04 11:00:01
=====================================
現在時刻: 2025-03-04 11:00:01
公開予定の記事はありません 


=====================================
実行日時: 2025-03-05 11:00:01
=====================================
現在時刻: 2025-03-05 11:00:01
公開予定の記事はありません 


=====================================
実行日時: 2025-03-06 11:00:01
=====================================
現在時刻: 2025-03-06 11:00:01
記事ID 8 を公開しました


=====================================
実行日時: 2025-03-07 11:00:03
=====================================
現在時刻: 2025-03-07 11:00:03
公開予定の記事はありません 


=====================================
実行日時: 2025-03-08 11:00:01
=====================================
現在時刻: 2025-03-08 11:00:01
公開予定の記事はありません 


=====================================
実行日時: 2025-03-09 11:00:03
=====================================
現在時刻: 2025-03-09 11:00:03
公開予定の記事はありません 


=====================================
実行日時: 2025-03-10 11:00:03
=====================================
現在時刻: 2025-03-10 11:00:03
記事ID 9 を公開しました


=====================================
実行日時: 2025-03-11 11:00:01
=====================================
現在時刻: 2025-03-11 11:00:01
公開予定の記事はありません 


=====================================
実行日時: 2025-03-12 11:00:02
=====================================
現在時刻: 2025-03-12 11:00:02
公開予定の記事はありません 


=====================================
実行日時: 2025-03-13 11:00:04
=====================================
現在時刻: 2025-03-13 11:00:04
記事ID 10 を公開しました


=====================================
実行日時: 2025-03-14 11:00:04
=====================================
現在時刻: 2025-03-14 11:00:04
公開予定の記事はありません 


=====================================
実行日時: 2025-03-15 11:00:04
=====================================
現在時刻: 2025-03-15 11:00:04
公開予定の記事はありません 


=====================================
実行日時: 2025-03-16 11:00:03
=====================================
現在時刻: 2025-03-16 11:00:03
公開予定の記事はありません 


=====================================
実行日時: 2025-03-17 11:00:01
=====================================
現在時刻: 2025-03-17 11:00:01
記事ID 11 を公開しました


=====================================
実行日時: 2025-03-18 11:00:02
=====================================
現在時刻: 2025-03-18 11:00:02
公開予定の記事はありません 


=====================================
実行日時: 2025-03-19 11:00:01
=====================================
現在時刻: 2025-03-19 11:00:01
公開予定の記事はありません 


=====================================
実行日時: 2025-03-20 11:00:01
=====================================
現在時刻: 2025-03-20 11:00:01
記事ID 12 を公開しました


=====================================
実行日時: 2025-03-21 11:00:02
=====================================
現在時刻: 2025-03-21 11:00:02
公開予定の記事はありません 


=====================================
実行日時: 2025-03-22 11:00:01
=====================================
現在時刻: 2025-03-22 11:00:01
公開予定の記事はありません 


=====================================
実行日時: 2025-03-23 11:00:01
=====================================
現在時刻: 2025-03-23 11:00:01
公開予定の記事はありません 


=====================================
実行日時: 2025-03-24 11:00:02
=====================================
現在時刻: 2025-03-24 11:00:02
記事ID 13 を公開しました


=====================================
実行日時: 2025-03-25 11:00:01
=====================================
現在時刻: 2025-03-25 11:00:01
公開予定の記事はありません 


=====================================
実行日時: 2025-03-26 11:00:02
=====================================
現在時刻: 2025-03-26 11:00:02
公開予定の記事はありません 


=====================================
実行日時: 2025-03-27 11:00:01
=====================================
現在時刻: 2025-03-27 11:00:01
記事ID 14 を公開しました


=====================================
実行日時: 2025-03-28 11:00:01
=====================================
現在時刻: 2025-03-28 11:00:01
公開予定の記事はありません 


=====================================
実行日時: 2025-03-29 11:00:01
=====================================
現在時刻: 2025-03-29 11:00:01
公開予定の記事はありません 


=====================================
実行日時: 2025-03-30 11:00:02
=====================================
現在時刻: 2025-03-30 11:00:02
公開予定の記事はありません 


=====================================
実行日時: 2025-03-31 11:00:01
=====================================
現在時刻: 2025-03-31 11:00:01
記事ID 15 を公開しました


=====================================
実行日時: 2025-04-01 11:00:01
=====================================
現在時刻: 2025-04-01 11:00:01
公開予定の記事はありません 


=====================================
実行日時: 2025-04-02 11:00:01
=====================================
現在時刻: 2025-04-02 11:00:01
公開予定の記事はありません 


=====================================
実行日時: 2025-04-03 11:00:01
=====================================
現在時刻: 2025-04-03 11:00:01
記事ID 16 を公開しました


=====================================
実行日時: 2025-04-04 11:00:01
=====================================
現在時刻: 2025-04-04 11:00:01
公開予定の記事はありません 


=====================================
実行日時: 2025-04-05 11:00:01
=====================================
現在時刻: 2025-04-05 11:00:01
公開予定の記事はありません 


=====================================
実行日時: 2025-04-06 11:00:03
=====================================
現在時刻: 2025-04-06 11:00:03
公開予定の記事はありません 


=====================================
実行日時: 2025-04-07 11:00:01
=====================================
現在時刻: 2025-04-07 11:00:01
記事ID 17 を公開しました


=====================================
実行日時: 2025-04-08 11:00:02
=====================================
現在時刻: 2025-04-08 11:00:02
公開予定の記事はありません 


=====================================
実行日時: 2025-04-09 11:00:01
=====================================
現在時刻: 2025-04-09 11:00:01
公開予定の記事はありません 


=====================================
実行日時: 2025-04-10 11:00:01
=====================================
現在時刻: 2025-04-10 11:00:01
記事ID 18 を公開しました


=====================================
実行日時: 2025-04-11 11:00:03
=====================================
現在時刻: 2025-04-11 11:00:03
公開予定の記事はありません 


=====================================
実行日時: 2025-04-12 11:00:02
=====================================
現在時刻: 2025-04-12 11:00:02
公開予定の記事はありません 


=====================================
実行日時: 2025-04-13 11:00:01
=====================================
現在時刻: 2025-04-13 11:00:01
公開予定の記事はありません 


=====================================
実行日時: 2025-04-14 11:00:03
=====================================
現在時刻: 2025-04-14 11:00:03
記事ID 19 を公開しました


=====================================
実行日時: 2025-04-15 11:00:02
=====================================
現在時刻: 2025-04-15 11:00:02
公開予定の記事はありません 


=====================================
実行日時: 2025-04-16 11:00:03
=====================================
現在時刻: 2025-04-16 11:00:03
公開予定の記事はありません 


=====================================
実行日時: 2025-04-17 11:00:01
=====================================
現在時刻: 2025-04-17 11:00:01
記事ID 20 を公開しました


=====================================
実行日時: 2025-04-18 11:00:02
=====================================
現在時刻: 2025-04-18 11:00:02
公開予定の記事はありません 


=====================================
実行日時: 2025-04-19 11:00:03
=====================================
現在時刻: 2025-04-19 11:00:03
公開予定の記事はありません 


=====================================
実行日時: 2025-04-20 11:00:03
=====================================
現在時刻: 2025-04-20 11:00:03
公開予定の記事はありません 


=====================================
実行日時: 2025-04-21 11:00:02
=====================================
現在時刻: 2025-04-21 11:00:02
記事ID 21 を公開しました


=====================================
実行日時: 2025-04-22 11:00:03
=====================================
現在時刻: 2025-04-22 11:00:03
公開予定の記事はありません 


=====================================
実行日時: 2025-04-23 11:00:02
=====================================
現在時刻: 2025-04-23 11:00:02
公開予定の記事はありません 


=====================================
実行日時: 2025-04-24 11:00:04
=====================================
現在時刻: 2025-04-24 11:00:04
記事ID 22 を公開しました


=====================================
実行日時: 2025-04-25 11:00:01
=====================================
現在時刻: 2025-04-25 11:00:01
公開予定の記事はありません 


=====================================
実行日時: 2025-04-26 11:00:01
=====================================
現在時刻: 2025-04-26 11:00:01
公開予定の記事はありません 


=====================================
実行日時: 2025-04-27 11:00:03
=====================================
現在時刻: 2025-04-27 11:00:03
公開予定の記事はありません 


=====================================
実行日時: 2025-04-28 11:00:03
=====================================
現在時刻: 2025-04-28 11:00:03
記事ID 24 を公開しました


=====================================
実行日時: 2025-04-29 11:00:03
=====================================
現在時刻: 2025-04-29 11:00:03
公開予定の記事はありません 


=====================================
実行日時: 2025-04-30 11:00:02
=====================================
現在時刻: 2025-04-30 11:00:02
公開予定の記事はありません 


=====================================
PV保存処理: 2025-04-30 17:42:02
=====================================
保存できませんでした記事ID: 4 のPV: 1 を保存しました


=====================================
PV保存処理: 2025-04-30 17:46:02
=====================================
保存できませんでした記事ID: 4 のPV: 1 を保存しました

